
Installation directory for stc-v5.3.0 is: '../..'
Date: 'Thu Mar 30 11:51:40 MST 2006'

Output files are found in the directory: '/Users/rbo/proj/stc/test/xuw'

***********************************************************
Reformatting xuw_accept_4.pdb pdb file using fix_pdb...
 Change any 'END' to 'TER' statements...
 Change any 'OT1' atoms to 'O  ', 'OT2' atoms to 'OXT'...
 Keep only ATOM, HETATM and TER lines...
 Remove any TIP or BME amino acid names...
 Convert any 4 letter amino acids to 3 letter...
 Looking for number of TER statements...
 Separate components...
 Component 1 represented by 1113 lines in the complex file.
 Component 2 represented by 54 lines in the complex file.
Done fix_pdb. Reformatted pdb file saved in '/Users/rbo/proj/stc/test/xuw/.tmp.complex.pdb'.


***********************************************************
Reformatting xuw_cctnc.pdb pdb file using fix_pdb...
 Change any 'END' to 'TER' statements...
 Change any 'OT1' atoms to 'O  ', 'OT2' atoms to 'OXT'...
 Keep only ATOM, HETATM and TER lines...
 Remove any TIP or BME amino acid names...
 Convert any 4 letter amino acids to 3 letter...
Done fix_pdb. Reformatted pdb file saved in '/Users/rbo/proj/stc/test/xuw/.tmp.ligand.pdb'.


***********************************************************
Reformatting xuw_emd.pdb pdb file using fix_pdb...
 Change any 'END' to 'TER' statements...
 Change any 'OT1' atoms to 'O  ', 'OT2' atoms to 'OXT'...
 Keep only ATOM, HETATM and TER lines...
 Remove any TIP or BME amino acid names...
 Convert any 4 letter amino acids to 3 letter...
Done fix_pdb. Reformatted pdb file saved in '/Users/rbo/proj/stc/test/xuw/.tmp.enzyme.pdb'.


***********************************************************
* Calculating accessible surface area for '/Users/rbo/proj/stc/test/xuw/.tmp.complex.pdb'
***********************************************************

***********************************************************
Running pdbtodia - format /Users/rbo/proj/stc/test/xuw/.tmp.complex.pdb into diamond format for addradii.
 INPUT FILE NAME? 
 OUTPUT FILE NAME? 
 OUTPUT SEQUENCE FILE NAME? 
 Amino acid sequence: 
 GLY LYS SER GLU GLU GLU LEU SER ASP LEU PHE ARG MET PHE ASP LYS ASN ALA ASP GLY TYR ILE ASP LEU GLU GLU LEU LYS ILE MET LEU GLN ALA THR GLY GLU THR ILE THR GLU ASP ASP ILE GLU GLU LEU MET LYS ASP GLY ASP LYS ASN ASN ASP GLY ARG ILE ASP TYR ASP GLU PHE LEU GLU PHE MET LYS GLY VAL GLU EMD
 Number of amino acids: 72
Done pdbtodia. Re-formatted output in /Users/rbo/proj/stc/test/xuw/complex.dia

***********************************************************
Running addradii on /Users/rbo/proj/stc/test/xuw/complex.dia
  Please Enter Input File Name: 
  Please Enter Output File Name: 
  Give residue regions as 5-digit numbers
  separated by space
       Then a blank line to finish: 
       eg.   00001 00005   <LF>
             00008 00010  <LF><LF>

 Residue number regions and identifier:

                1 10000  

 Give exceptional residue info: res, atom, rad 
 Then blank line to finish:
 Exceptional radii
 Residue  atom  radius
 Standard atom types:

               C    N    O    S    P    M    I     

 Radius(A)    1.9  1.7  1.4  1.8  1.8  1.7  2.0  0.0

 Title from input coordinate file:                                                                                 
     606 atoms output

***********************************************************
Running edpdb on /Users/rbo/proj/stc/test/xuw/complex.addradii - fixes addradii output by
reading in the data from specified residue library
 Enter input pdb file.
 Enter output file.
 Please enter the amino acid definition file
 Amino def file: custom.amino.def Residues: 34
 Number of atoms processed: 606

***********************************************************
Running access on /Users/rbo/proj/stc/test/xuw/complex.edpdb
 >> MINIMUM DIMENSION OF ARRAY A =  6128000
 >> Please Enter Input File Name: 
 >> Please Enter Output File Name: 
 >> Enter frac. error for atom, probe radius, and iacc
 >> Example:  .05 1.4 0
 >> Number of atoms read in:  606
Done

***********************************************************
* Calculating accessible surface area for '/Users/rbo/proj/stc/test/xuw/.tmp.ligand.pdb'
***********************************************************

***********************************************************
Running pdbtodia - format /Users/rbo/proj/stc/test/xuw/.tmp.ligand.pdb into diamond format for addradii.
 INPUT FILE NAME? 
 OUTPUT FILE NAME? 
 OUTPUT SEQUENCE FILE NAME? 
 Amino acid sequence: 
 GLY LYS SER GLU GLU GLU LEU SER ASP LEU PHE ARG MET PHE ASP LYS ASN ALA ASP GLY TYR ILE ASP LEU GLU GLU LEU LYS ILE MET LEU GLN ALA THR GLY GLU THR ILE THR GLU ASP ASP ILE GLU GLU LEU MET LYS ASP GLY ASP LYS ASN ASN ASP GLY ARG ILE ASP TYR ASP GLU PHE LEU GLU PHE MET LYS GLY VAL GLU
 Number of amino acids: 71
Done pdbtodia. Re-formatted output in /Users/rbo/proj/stc/test/xuw/ligand.dia

***********************************************************
Running addradii on /Users/rbo/proj/stc/test/xuw/ligand.dia
  Please Enter Input File Name: 
  Please Enter Output File Name: 
  Give residue regions as 5-digit numbers
  separated by space
       Then a blank line to finish: 
       eg.   00001 00005   <LF>
             00008 00010  <LF><LF>

 Residue number regions and identifier:

                1 10000  

 Give exceptional residue info: res, atom, rad 
 Then blank line to finish:
 Exceptional radii
 Residue  atom  radius
 Standard atom types:

               C    N    O    S    P    M    I     

 Radius(A)    1.9  1.7  1.4  1.8  1.8  1.7  2.0  0.0

 Title from input coordinate file:                                                                                 
     576 atoms output

***********************************************************
Running edpdb on /Users/rbo/proj/stc/test/xuw/ligand.addradii - fixes addradii output by
reading in the data from specified residue library
 Enter input pdb file.
 Enter output file.
 Please enter the amino acid definition file
 Amino def file: custom.amino.def Residues: 34
 Number of atoms processed: 576

***********************************************************
Running access on /Users/rbo/proj/stc/test/xuw/ligand.edpdb
 >> MINIMUM DIMENSION OF ARRAY A =  6128000
 >> Please Enter Input File Name: 
 >> Please Enter Output File Name: 
 >> Enter frac. error for atom, probe radius, and iacc
 >> Example:  .05 1.4 0
 >> Number of atoms read in:  576
Done

***********************************************************
* Calculating accessible surface area for '/Users/rbo/proj/stc/test/xuw/.tmp.enzyme.pdb'
***********************************************************

***********************************************************
Running pdbtodia - format /Users/rbo/proj/stc/test/xuw/.tmp.enzyme.pdb into diamond format for addradii.
 INPUT FILE NAME? 
 OUTPUT FILE NAME? 
 OUTPUT SEQUENCE FILE NAME? 
 Amino acid sequence: 
 EMD
 Number of amino acids: 1
Done pdbtodia. Re-formatted output in /Users/rbo/proj/stc/test/xuw/enzyme.dia

***********************************************************
Running addradii on /Users/rbo/proj/stc/test/xuw/enzyme.dia
  Please Enter Input File Name: 
  Please Enter Output File Name: 
  Give residue regions as 5-digit numbers
  separated by space
       Then a blank line to finish: 
       eg.   00001 00005   <LF>
             00008 00010  <LF><LF>

 Residue number regions and identifier:

                1 10000  

 Give exceptional residue info: res, atom, rad 
 Then blank line to finish:
 Exceptional radii
 Residue  atom  radius
 Standard atom types:

               C    N    O    S    P    M    I     

 Radius(A)    1.9  1.7  1.4  1.8  1.8  1.7  2.0  0.0

 Title from input coordinate file:                                                                                 
      30 atoms output

***********************************************************
Running edpdb on /Users/rbo/proj/stc/test/xuw/enzyme.addradii - fixes addradii output by
reading in the data from specified residue library
 Enter input pdb file.
 Enter output file.
 Please enter the amino acid definition file
 Amino def file: custom.amino.def Residues: 34
 Number of atoms processed: 30

***********************************************************
Running access on /Users/rbo/proj/stc/test/xuw/enzyme.edpdb
 >> MINIMUM DIMENSION OF ARRAY A =  6128000
 >> Please Enter Input File Name: 
 >> Please Enter Output File Name: 
 >> Enter frac. error for atom, probe radius, and iacc
 >> Example:  .05 1.4 0
 >> Number of atoms read in:   30
Done
