 Logfile: /Users/rbo/proj/stc/test/olig/out.thermo.log
 Structural Thermodynamic Calculations Detailed Results
 Date: Mon Mar 27 15:10:42 2006

 Please enter the amino acid definition file
Amino defs file: ../../lib/amino.def
Number of residues read: 33

 Please enter the access output file
Reading Complex fname: /Users/rbo/proj/stc/test/olig/out.oligomer.acc
Number of atoms processed: 1164
 Please enter the access output file
Reading Free fname: /Users/rbo/proj/stc/test/olig/out.monomer1.acc
Number of atoms processed: 582
 Please enter the access output file
Reading Free fname: /Users/rbo/proj/stc/test/olig/out.monomer2.acc
Number of atoms processed: 582
Done reading access files


Parameter Settings

  1) Change sConf: current value = -27.261
  2) Change temperature: current value =  25.000
  3) Options for Sbb: current value = 0
  4) Options for Sex->u: current value = 0
  5) Run calculations
  0) Exit program

npAsaTot, pAsaTot, sConf = 895.627400 684.009200 -27.260533
