 Logfile: f2.thermo.log
 Structural Thermodynamic Calculations Detailed Results
 Date: Thu Mar 30 14:46:56 2006

 Please enter the amino acid definition file
Amino defs file: ../../lib/amino.def
Number of residues read: 33

 Please enter the access output file
Reading Complex fname: f2.complex.acc
Number of atoms processed: 810
 Please enter the access output file
Reading Free fname: f2.ligand.acc
Number of atoms processed: 698
 Please enter the access output file
Reading Free fname: f2.enzyme.acc
Number of atoms processed: 112
Done reading access files


Parameter Settings

  1) Change sConf: current value = -23.120
  2) Change temperature: current value =   2.000
  3) Options for Sbb: current value = 0
  4) Options for Sex->u: current value = 0
  5) Run calculations
  0) Exit program

npAsaTot, pAsaTot, sConf = 1141.264800 203.059800 -23.120339
