 Logfile: /Users/rbo/proj/stc/test/pm/out.thermo.log
 Structural Thermodynamic Calculations Detailed Results
 Date: Thu Mar 30 11:43:56 2006

 Please enter the amino acid definition file
Amino defs file: ../../lib/amino.def
Number of residues read: 33

 Please enter the access output file
Reading Complex fname: /Users/rbo/proj/stc/test/pm/out.complex.acc
Number of atoms processed: 849
 Please enter the access output file
Reading Free fname: /Users/rbo/proj/stc/test/pm/out.ligand.acc
Number of atoms processed: 257
 Please enter the access output file
Reading Free fname: /Users/rbo/proj/stc/test/pm/out.enzyme.acc
Number of atoms processed: 592
Done reading access files


Parameter Settings

  1) Change sConf: current value = -45.921
  2) Change temperature: current value =  25.000
  3) Options for Sbb: current value = 0
  4) Options for Sex->u: current value = 0
  5) Run calculations
  0) Exit program

npAsaTot, pAsaTot, sConf = 1511.457600 735.444500 -45.920813
