Running pdbtodia...

.ligand .ligand.dia .ligand.radii /polaris/rbo/proj/stc/bin/pdbtodia

 INPUT FILE NAME? 
 OUTPUT FILE NAME? 
 OUTPUT SEQUENCE FILE NAME? 

Amino acid sequence: 
MET ASP ASP ILE TYR LYS ALA ALA VAL GLU GLN LEU THR GLU GLU GLN LYS ASN GLU PHE LYS ALA ALA PHE ASP ILE PHE VAL LEU GLY ALA GLU ASP GLY CYS ILE SER THR LYS GLU LEU GLY LYS VAL MET ARG MET LEU GLY GLN ASN PRO THR PRO GLU GLU LEU GLN GLU MET ILE ASP GLU VAL ASP GLU ASP GLY SER GLY THR VAL ASP PHE ASP GLU PHE LEU VAL MET MET VAL ARG CYS MET LYS ASP ASP SER 
  Number of amino acids: 89

Running addradii...
  Please Enter Input File Name: 
  Please Enter Output File Name: 
  Give residue regions as 5-dig nums separated by space
       Then a blank line to finish: 
       eg.   00001 00005   <LF>
             00008 00010  <LF><LF>

 Residue number regions and identifier:

                1 10000  

 give exceptional residue info: res, atom, rad 
      then blank line to finish:

 Exceptional radii

 Residue  atom  radius



 Standard atom types:

               B    C    N    O    S    P    M    I

 Radius(A)    1.9  1.9  1.7  1.4  1.8  1.8  1.7  2.0

 Title from input coordinate file:                                                                                 


     698 atoms output



Running edpdb...


**************************************************

 Program.: edpdb - Version 2.0 (c)
 Purpose.: edit specific pdb atoms 

 Author..: Robert Boyko
 Location: University of Alberta
           Department of Biochemistry

 Funding for this project was provided by the
 Protein Engineering Network Centres of Excellence
 and the Medical Research Council of Canada.

**************************************************


 Enter input pdb file.

>> 
 Enter output file.

>> 
 Enter amino definitions file.

>> 
Unrecognized atom name:     697 OT1 SER    89     -1.04200  79.87600  20.25600      1.4000


Unrecognized atom name:     698 OT2 SER    89     -1.56000  77.78600  20.31000      1.4000

Number of atoms processed: 696

Done

Running access...
 >> MINIMUM DIMENSION OF ARRAY A =  6128000
 >> Please Enter Input File Name: 
 >> Please Enter Output File Name: 
 >> Enter frac. error for atom, probe radius, and iacc
 >> Example:  .05 1.4 0
 >> Number of atoms read in:  696

Done
